0 info it worked if it ends with ok
1 verbose cli [ '/Users/haipham/.meteor/packages/meteor-tool/.1.4.0-1.za4z71++os.osx.x86_64+web.browser+web.cordova/mt-os.osx.x86_64/dev_bundle/bin/node',
1 verbose cli   '/Users/haipham/.meteor/packages/meteor-tool/.1.4.0-1.za4z71++os.osx.x86_64+web.browser+web.cordova/mt-os.osx.x86_64/dev_bundle/bin/npm',
1 verbose cli   'install',
1 verbose cli   'angular-emoji-filter-hd',
1 verbose cli   '--save' ]
2 info using npm@3.10.5
3 info using node@v4.4.7
4 silly loadCurrentTree Starting
5 silly install loadCurrentTree
6 silly install readLocalPackageData
7 silly fetchPackageMetaData angular-emoji-filter-hd
8 silly fetchNamedPackageData angular-emoji-filter-hd
9 silly mapToRegistry name angular-emoji-filter-hd
10 silly mapToRegistry using default registry
11 silly mapToRegistry registry https://registry.npmjs.org/
12 silly mapToRegistry data Result {
12 silly mapToRegistry   raw: 'angular-emoji-filter-hd',
12 silly mapToRegistry   scope: null,
12 silly mapToRegistry   escapedName: 'angular-emoji-filter-hd',
12 silly mapToRegistry   name: 'angular-emoji-filter-hd',
12 silly mapToRegistry   rawSpec: '',
12 silly mapToRegistry   spec: 'latest',
12 silly mapToRegistry   type: 'tag' }
13 silly mapToRegistry uri https://registry.npmjs.org/angular-emoji-filter-hd
14 verbose request uri https://registry.npmjs.org/angular-emoji-filter-hd
15 verbose request always-auth set; sending authorization
16 info attempt registry request try #1 at 10:04:23 PM
17 verbose request id 57907faa7fd541a1
18 http request GET https://registry.npmjs.org/angular-emoji-filter-hd
19 http 401 https://registry.npmjs.org/angular-emoji-filter-hd
20 verbose headers { 'content-type': 'application/json',
20 verbose headers   'cache-control': 'max-age=300',
20 verbose headers   'content-length': '2',
20 verbose headers   'accept-ranges': 'bytes',
20 verbose headers   date: 'Wed, 17 Aug 2016 14:04:25 GMT',
20 verbose headers   via: '1.1 varnish',
20 verbose headers   connection: 'keep-alive',
20 verbose headers   'x-served-by': 'cache-sjc3637-SJC',
20 verbose headers   'x-cache': 'MISS',
20 verbose headers   'x-cache-hits': '0',
20 verbose headers   'x-timer': 'S1471442665.319138,VS0,VE342',
20 verbose headers   vary: 'Accept-Encoding' }
21 silly get cb [ 401,
21 silly get   { 'content-type': 'application/json',
21 silly get     'cache-control': 'max-age=300',
21 silly get     'content-length': '2',
21 silly get     'accept-ranges': 'bytes',
21 silly get     date: 'Wed, 17 Aug 2016 14:04:25 GMT',
21 silly get     via: '1.1 varnish',
21 silly get     connection: 'keep-alive',
21 silly get     'x-served-by': 'cache-sjc3637-SJC',
21 silly get     'x-cache': 'MISS',
21 silly get     'x-cache-hits': '0',
21 silly get     'x-timer': 'S1471442665.319138,VS0,VE342',
21 silly get     vary: 'Accept-Encoding' } ]
22 silly fetchPackageMetaData Error: Registry returned 401 for GET on https://registry.npmjs.org/angular-emoji-filter-hd
22 silly fetchPackageMetaData     at makeError (/Users/haipham/.meteor/packages/meteor-tool/.1.4.0-1.za4z71++os.osx.x86_64+web.browser+web.cordova/mt-os.osx.x86_64/dev_bundle/lib/node_modules/npm/node_modules/npm-registry-client/lib/request.js:264:12)
22 silly fetchPackageMetaData     at CachingRegistryClient.<anonymous> (/Users/haipham/.meteor/packages/meteor-tool/.1.4.0-1.za4z71++os.osx.x86_64+web.browser+web.cordova/mt-os.osx.x86_64/dev_bundle/lib/node_modules/npm/node_modules/npm-registry-client/lib/request.js:242:14)
22 silly fetchPackageMetaData     at Request._callback (/Users/haipham/.meteor/packages/meteor-tool/.1.4.0-1.za4z71++os.osx.x86_64+web.browser+web.cordova/mt-os.osx.x86_64/dev_bundle/lib/node_modules/npm/node_modules/npm-registry-client/lib/request.js:172:14)
22 silly fetchPackageMetaData     at Request.self.callback (/Users/haipham/.meteor/packages/meteor-tool/.1.4.0-1.za4z71++os.osx.x86_64+web.browser+web.cordova/mt-os.osx.x86_64/dev_bundle/lib/node_modules/npm/node_modules/request/request.js:200:22)
22 silly fetchPackageMetaData     at emitTwo (events.js:87:13)
22 silly fetchPackageMetaData     at Request.emit (events.js:172:7)
22 silly fetchPackageMetaData     at Request.<anonymous> (/Users/haipham/.meteor/packages/meteor-tool/.1.4.0-1.za4z71++os.osx.x86_64+web.browser+web.cordova/mt-os.osx.x86_64/dev_bundle/lib/node_modules/npm/node_modules/request/request.js:1067:10)
22 silly fetchPackageMetaData     at emitOne (events.js:82:20)
22 silly fetchPackageMetaData     at Request.emit (events.js:169:7)
22 silly fetchPackageMetaData     at IncomingMessage.<anonymous> (/Users/haipham/.meteor/packages/meteor-tool/.1.4.0-1.za4z71++os.osx.x86_64+web.browser+web.cordova/mt-os.osx.x86_64/dev_bundle/lib/node_modules/npm/node_modules/request/request.js:988:12)
22 silly fetchPackageMetaData  error for angular-emoji-filter-hd { [Error: Registry returned 401 for GET on https://registry.npmjs.org/angular-emoji-filter-hd]
22 silly fetchPackageMetaData   pkgid: 'angular-emoji-filter-hd',
22 silly fetchPackageMetaData   statusCode: 401,
22 silly fetchPackageMetaData   code: 'E401' }
23 silly rollbackFailedOptional Starting
24 silly rollbackFailedOptional Finishing
25 silly runTopLevelLifecycles Starting
26 silly runTopLevelLifecycles Finishing
27 silly install printInstalled
28 verbose stack Error: Registry returned 401 for GET on https://registry.npmjs.org/angular-emoji-filter-hd
28 verbose stack     at makeError (/Users/haipham/.meteor/packages/meteor-tool/.1.4.0-1.za4z71++os.osx.x86_64+web.browser+web.cordova/mt-os.osx.x86_64/dev_bundle/lib/node_modules/npm/node_modules/npm-registry-client/lib/request.js:264:12)
28 verbose stack     at CachingRegistryClient.<anonymous> (/Users/haipham/.meteor/packages/meteor-tool/.1.4.0-1.za4z71++os.osx.x86_64+web.browser+web.cordova/mt-os.osx.x86_64/dev_bundle/lib/node_modules/npm/node_modules/npm-registry-client/lib/request.js:242:14)
28 verbose stack     at Request._callback (/Users/haipham/.meteor/packages/meteor-tool/.1.4.0-1.za4z71++os.osx.x86_64+web.browser+web.cordova/mt-os.osx.x86_64/dev_bundle/lib/node_modules/npm/node_modules/npm-registry-client/lib/request.js:172:14)
28 verbose stack     at Request.self.callback (/Users/haipham/.meteor/packages/meteor-tool/.1.4.0-1.za4z71++os.osx.x86_64+web.browser+web.cordova/mt-os.osx.x86_64/dev_bundle/lib/node_modules/npm/node_modules/request/request.js:200:22)
28 verbose stack     at emitTwo (events.js:87:13)
28 verbose stack     at Request.emit (events.js:172:7)
28 verbose stack     at Request.<anonymous> (/Users/haipham/.meteor/packages/meteor-tool/.1.4.0-1.za4z71++os.osx.x86_64+web.browser+web.cordova/mt-os.osx.x86_64/dev_bundle/lib/node_modules/npm/node_modules/request/request.js:1067:10)
28 verbose stack     at emitOne (events.js:82:20)
28 verbose stack     at Request.emit (events.js:169:7)
28 verbose stack     at IncomingMessage.<anonymous> (/Users/haipham/.meteor/packages/meteor-tool/.1.4.0-1.za4z71++os.osx.x86_64+web.browser+web.cordova/mt-os.osx.x86_64/dev_bundle/lib/node_modules/npm/node_modules/request/request.js:988:12)
29 verbose statusCode 401
30 verbose pkgid angular-emoji-filter-hd
31 verbose cwd /Users/haipham/Documents/chat/chat
32 error Darwin 15.6.0
33 error argv "/Users/haipham/.meteor/packages/meteor-tool/.1.4.0-1.za4z71++os.osx.x86_64+web.browser+web.cordova/mt-os.osx.x86_64/dev_bundle/bin/node" "/Users/haipham/.meteor/packages/meteor-tool/.1.4.0-1.za4z71++os.osx.x86_64+web.browser+web.cordova/mt-os.osx.x86_64/dev_bundle/bin/npm" "install" "angular-emoji-filter-hd" "--save"
34 error node v4.4.7
35 error npm  v3.10.5
36 error code E401
37 error Registry returned 401 for GET on https://registry.npmjs.org/angular-emoji-filter-hd
38 error If you need help, you may report this error at:
38 error     <https://github.com/npm/npm/issues>
39 verbose exit [ 1, true ]
